<?xml version="1.0" encoding="UTF-8"?>
<testsuite name="Test" time="2.791" tests="1" errors="0" skipped="0" failures="1">
  <properties>
[...]
</properties>
  <testcase name="givenGet_whenSendRequest_shouldReturn200WithProperHeaderAndBody" classname="Test" time="2.791">
    <failure message="Pact Test function failed with an exception, possibly due to Mismatches(mismatches=[UnexpectedRequest(request=	method: POST&#10;	path: /create&#10;	query: [:]&#10;	headers: [Accept:text/plain, application/json, application/*+json, */*, Accept-charset:big5, big5-hkscs, cesu-8, euc-jp, euc-kr, gb18030, gb2312, gbk, ibm-thai, ibm00858, ibm01140, ibm01141, ibm01142, ibm01143, ibm01144, ibm01145, ibm01146, ibm01147, ibm01148, ibm01149, ibm037, ibm1026, ibm1047, ibm273, ibm277, ibm278, ibm280, ibm284, ibm285, ibm290, ibm297, ibm420, ibm424, ibm437, ibm500, ibm775, ibm850, ibm852, ibm855, ibm857, ibm860, ibm861, ibm862, ibm863, ibm864, ibm865, ibm866, ibm868, ibm869, ibm870, ibm871, ibm918, iso-2022-cn, iso-2022-jp, iso-2022-jp-2, iso-2022-kr, iso-8859-1, iso-8859-13, iso-8859-15, iso-8859-16, iso-8859-2, iso-8859-3, iso-8859-4, iso-8859-5, iso-8859-6, iso-8859-7, iso-8859-8, iso-8859-9, jis_x0201, jis_x0212-1990, koi8-r, koi8-u, shift_jis, tis-620, us-ascii, utf-16, utf-16be, utf-16le, utf-32, utf-32be, utf-32le, utf-8, windows-1250, windows-1251, windows-1252, windows-1253, windows-1254, windows-1255, windows-1256, windows-1257, windows-1258, windows-31j, x-big5-hkscs-2001, x-big5-solaris, x-euc-jp-linux, x-euc-tw, x-eucjp-open, x-ibm1006, x-ibm1025, x-ibm1046, x-ibm1097, x-ibm1098, x-ibm1112, x-ibm1122, x-ibm1123, x-ibm1124, x-ibm1166, x-ibm1364, x-ibm1381, x-ibm1383, x-ibm300, x-ibm33722, x-ibm737, x-ibm833, x-ibm834, x-ibm856, x-ibm874, x-ibm875, x-ibm921, x-ibm922, x-ibm930, x-ibm933, x-ibm935, x-ibm937, x-ibm939, x-ibm942, x-ibm942c, x-ibm943, x-ibm943c, x-ibm948, x-ibm949, x-ibm949c, x-ibm950, x-ibm964, x-ibm970, x-iscii91, x-iso-2022-cn-cns, x-iso-2022-cn-gb, x-iso-8859-11, x-jis0208, x-jisautodetect, x-johab, x-macarabic, x-maccentraleurope, x-maccroatian, x-maccyrillic, x-macdingbat, x-macgreek, x-machebrew, x-maciceland, x-macroman, x-macromania, x-macsymbol, x-macthai, x-macturkish, x-macukraine, x-ms932_0213, x-ms950-hkscs, x-ms950-hkscs-xp, x-mswin-936, x-pck, x-sjis_0213, x-utf-16le-bom, x-utf-32be-bom, x-utf-32le-bom, x-windows-50220, x-windows-50221, x-windows-874, x-windows-949, x-windows-950, x-windows-iso2022jp, Connection:keep-alive, Host:localhost:8080, User-agent:Java/10.0.2, Content-type:application/json, Content-length:19]&#10;	matchers: MatchingRules(rules=[:])&#10;	generators: Generators(categories={})&#10;	body: OptionalBody(state=PRESENT, value={&quot;name&quot;: &quot;Michael&quot;}))])" type="java.lang.AssertionError">java.lang.AssertionError: Pact Test function failed with an exception, possibly due to Mismatches(mismatches=[UnexpectedRequest(request=	method: POST
	path: /create
	query: [:]
	headers: [Accept:text/plain, application/json, application/*+json, */*, Accept-charset:big5, big5-hkscs, cesu-8, euc-jp, euc-kr, gb18030, gb2312, gbk, ibm-thai, ibm00858, ibm01140, ibm01141, ibm01142, ibm01143, ibm01144, ibm01145, ibm01146, ibm01147, ibm01148, ibm01149, ibm037, ibm1026, ibm1047, ibm273, ibm277, ibm278, ibm280, ibm284, ibm285, ibm290, ibm297, ibm420, ibm424, ibm437, ibm500, ibm775, ibm850, ibm852, ibm855, ibm857, ibm860, ibm861, ibm862, ibm863, ibm864, ibm865, ibm866, ibm868, ibm869, ibm870, ibm871, ibm918, iso-2022-cn, iso-2022-jp, iso-2022-jp-2, iso-2022-kr, iso-8859-1, iso-8859-13, iso-8859-15, iso-8859-16, iso-8859-2, iso-8859-3, iso-8859-4, iso-8859-5, iso-8859-6, iso-8859-7, iso-8859-8, iso-8859-9, jis_x0201, jis_x0212-1990, koi8-r, koi8-u, shift_jis, tis-620, us-ascii, utf-16, utf-16be, utf-16le, utf-32, utf-32be, utf-32le, utf-8, windows-1250, windows-1251, windows-1252, windows-1253, windows-1254, windows-1255, windows-1256, windows-1257, windows-1258, windows-31j, x-big5-hkscs-2001, x-big5-solaris, x-euc-jp-linux, x-euc-tw, x-eucjp-open, x-ibm1006, x-ibm1025, x-ibm1046, x-ibm1097, x-ibm1098, x-ibm1112, x-ibm1122, x-ibm1123, x-ibm1124, x-ibm1166, x-ibm1364, x-ibm1381, x-ibm1383, x-ibm300, x-ibm33722, x-ibm737, x-ibm833, x-ibm834, x-ibm856, x-ibm874, x-ibm875, x-ibm921, x-ibm922, x-ibm930, x-ibm933, x-ibm935, x-ibm937, x-ibm939, x-ibm942, x-ibm942c, x-ibm943, x-ibm943c, x-ibm948, x-ibm949, x-ibm949c, x-ibm950, x-ibm964, x-ibm970, x-iscii91, x-iso-2022-cn-cns, x-iso-2022-cn-gb, x-iso-8859-11, x-jis0208, x-jisautodetect, x-johab, x-macarabic, x-maccentraleurope, x-maccroatian, x-maccyrillic, x-macdingbat, x-macgreek, x-machebrew, x-maciceland, x-macroman, x-macromania, x-macsymbol, x-macthai, x-macturkish, x-macukraine, x-ms932_0213, x-ms950-hkscs, x-ms950-hkscs-xp, x-mswin-936, x-pck, x-sjis_0213, x-utf-16le-bom, x-utf-32be-bom, x-utf-32le-bom, x-windows-50220, x-windows-50221, x-windows-874, x-windows-949, x-windows-950, x-windows-iso2022jp, Connection:keep-alive, Host:localhost:8080, User-agent:Java/10.0.2, Content-type:application/json, Content-length:19]
	matchers: MatchingRules(rules=[:])
	generators: Generators(categories={})
	body: OptionalBody(state=PRESENT, value={"name": "Michael"}))])
	at org.springframework.web.client.DefaultResponseErrorHandler.handleError(DefaultResponseErrorHandler.java:88)
	at org.springframework.web.client.RestTemplate.handleResponse(RestTemplate.java:707)
	at org.springframework.web.client.RestTemplate.doExecute(RestTemplate.java:660)
	at org.springframework.web.client.RestTemplate.execute(RestTemplate.java:620)
	at org.springframework.web.client.RestTemplate.exchange(RestTemplate.java:538)
	at Test.givenGet_whenSendRequest_shouldReturn200WithProperHeaderAndBody(Test.java:73)
</failure>
    <system-out><![CDATA[09:51:15.573 [main] DEBUG org.apache.http.client.protocol.RequestAddCookies - CookieSpec selected: default
09:51:15.597 [main] DEBUG org.apache.http.client.protocol.RequestAuthCache - Auth cache not set in the context
09:51:15.599 [main] DEBUG org.apache.http.impl.conn.PoolingHttpClientConnectionManager - Connection request: [route: {}->http://localhost:8080][total kept alive: 0; route allocated: 0 of 100; total allocated: 0 of 200]
09:51:15.621 [main] DEBUG org.apache.http.impl.conn.PoolingHttpClientConnectionManager - Connection leased: [id: 0][route: {}->http://localhost:8080][total kept alive: 0; route allocated: 1 of 100; total allocated: 1 of 200]
09:51:15.623 [main] DEBUG org.apache.http.impl.execchain.MainClientExec - Opening connection {}->http://localhost:8080
09:51:15.625 [main] DEBUG org.apache.http.impl.conn.DefaultHttpClientConnectionOperator - Connecting to localhost/127.0.0.1:8080
09:51:15.629 [main] DEBUG org.apache.http.impl.conn.DefaultHttpClientConnectionOperator - Connection established 127.0.0.1:58498<->127.0.0.1:8080
09:51:15.629 [main] DEBUG org.apache.http.impl.execchain.MainClientExec - Executing request OPTIONS / HTTP/1.1
09:51:15.629 [main] DEBUG org.apache.http.impl.execchain.MainClientExec - Target auth state: UNCHALLENGED
09:51:15.630 [main] DEBUG org.apache.http.impl.execchain.MainClientExec - Proxy auth state: UNCHALLENGED
09:51:15.632 [main] DEBUG org.apache.http.headers - http-outgoing-0 >> OPTIONS / HTTP/1.1
09:51:15.632 [main] DEBUG org.apache.http.headers - http-outgoing-0 >> X-PACT-BOOTCHECK: true
09:51:15.632 [main] DEBUG org.apache.http.headers - http-outgoing-0 >> Host: localhost:8080
09:51:15.632 [main] DEBUG org.apache.http.headers - http-outgoing-0 >> Connection: Keep-Alive
09:51:15.632 [main] DEBUG org.apache.http.headers - http-outgoing-0 >> User-Agent: Apache-HttpClient/4.5.3 (Java/10.0.2)
09:51:15.632 [main] DEBUG org.apache.http.headers - http-outgoing-0 >> Accept-Encoding: gzip,deflate
09:51:15.632 [main] DEBUG org.apache.http.wire - http-outgoing-0 >> "OPTIONS / HTTP/1.1[\r][\n]"
09:51:15.632 [main] DEBUG org.apache.http.wire - http-outgoing-0 >> "X-PACT-BOOTCHECK: true[\r][\n]"
09:51:15.632 [main] DEBUG org.apache.http.wire - http-outgoing-0 >> "Host: localhost:8080[\r][\n]"
09:51:15.632 [main] DEBUG org.apache.http.wire - http-outgoing-0 >> "Connection: Keep-Alive[\r][\n]"
09:51:15.632 [main] DEBUG org.apache.http.wire - http-outgoing-0 >> "User-Agent: Apache-HttpClient/4.5.3 (Java/10.0.2)[\r][\n]"
09:51:15.633 [main] DEBUG org.apache.http.wire - http-outgoing-0 >> "Accept-Encoding: gzip,deflate[\r][\n]"
09:51:15.633 [main] DEBUG org.apache.http.wire - http-outgoing-0 >> "[\r][\n]"
09:51:15.671 [main] DEBUG org.apache.http.wire - http-outgoing-0 << "HTTP/1.1 200 OK[\r][\n]"
09:51:15.671 [main] DEBUG org.apache.http.wire - http-outgoing-0 << "Date: Wed, 05 Sep 2018 08:51:15 GMT[\r][\n]"
09:51:15.671 [main] DEBUG org.apache.http.wire - http-outgoing-0 << "Transfer-encoding: chunked[\r][\n]"
09:51:15.671 [main] DEBUG org.apache.http.wire - http-outgoing-0 << "X-pact-bootcheck: true[\r][\n]"
09:51:15.671 [main] DEBUG org.apache.http.wire - http-outgoing-0 << "[\r][\n]"
09:51:15.675 [main] DEBUG org.apache.http.headers - http-outgoing-0 << HTTP/1.1 200 OK
09:51:15.676 [main] DEBUG org.apache.http.headers - http-outgoing-0 << Date: Wed, 05 Sep 2018 08:51:15 GMT
09:51:15.676 [main] DEBUG org.apache.http.headers - http-outgoing-0 << Transfer-encoding: chunked
09:51:15.676 [main] DEBUG org.apache.http.headers - http-outgoing-0 << X-pact-bootcheck: true
09:51:15.685 [main] DEBUG org.apache.http.impl.execchain.MainClientExec - Connection can be kept alive indefinitely
09:51:16.163 [main] DEBUG org.springframework.web.client.RestTemplate - Created GET request for "http://localhost:8080/pact"
09:51:16.164 [main] DEBUG org.springframework.web.client.RestTemplate - Setting request Accept header to [text/plain, application/json, application/*+json, */*]
09:51:16.202 [HTTP-Dispatcher] DEBUG au.com.dius.pact.consumer.BaseMockServer - Received request: 	method: GET
	path: /pact
	query: [:]
	headers: [Accept:text/plain, application/json, application/*+json, */*, Connection:keep-alive, Host:localhost:8080, User-agent:Java/10.0.2]
	matchers: MatchingRules(rules=[:])
	generators: Generators(categories={})
	body: OptionalBody(state=EMPTY, value=)
09:51:16.259 [HTTP-Dispatcher] DEBUG au.com.dius.pact.model.RequestMatching$ - comparing to expected request: 
	method: GET
	path: /pact
	query: [:]
	headers: [:]
	matchers: MatchingRules(rules=[:])
	generators: Generators(categories={})
	body: OptionalBody(state=MISSING, value=null)
09:51:16.671 [HTTP-Dispatcher] DEBUG au.com.dius.pact.model.Matching$ - No matcher for text/plain, using equality
09:51:16.672 [HTTP-Dispatcher] DEBUG au.com.dius.pact.model.RequestMatching$ - Request mismatch: List()
09:51:16.767 [HTTP-Dispatcher] DEBUG au.com.dius.pact.consumer.BaseMockServer - Generating response: 	status: 200
	headers: [Content-type:application/json]
	matchers: MatchingRules(rules=[:])
	generators: Generators(categories={})
	body: OptionalBody(state=PRESENT, value={"condition":true,"name":"tom"})
09:51:16.775 [main] DEBUG org.springframework.web.client.RestTemplate - GET request for "http://localhost:8080/pact" resulted in 200 (OK)
09:51:16.776 [main] DEBUG org.springframework.web.client.RestTemplate - Reading [java.lang.String] as "application/json" using [org.springframework.http.converter.StringHttpMessageConverter@398474a2]
OUTPUT ==== 200

 BODY --- {"condition":true,"name":"tom"}

 HEADERS --- [application/json]
09:51:16.789 [main] DEBUG org.springframework.web.client.RestTemplate - Created POST request for "http://localhost:8080/create"
09:51:16.789 [main] DEBUG org.springframework.web.client.RestTemplate - Setting request Accept header to [text/plain, application/json, application/*+json, */*]
09:51:16.790 [main] DEBUG org.springframework.web.client.RestTemplate - Writing [{"name": "Michael"}] as "application/json" using [org.springframework.http.converter.StringHttpMessageConverter@1f443fae]
09:51:17.148 [HTTP-Dispatcher] DEBUG au.com.dius.pact.consumer.BaseMockServer - Received request: 	method: POST
	path: /create
	query: [:]
	headers: [Accept:text/plain, application/json, application/*+json, */*, Accept-charset:big5, big5-hkscs, cesu-8, euc-jp, euc-kr, gb18030, gb2312, gbk, ibm-thai, ibm00858, ibm01140, ibm01141, ibm01142, ibm01143, ibm01144, ibm01145, ibm01146, ibm01147, ibm01148, ibm01149, ibm037, ibm1026, ibm1047, ibm273, ibm277, ibm278, ibm280, ibm284, ibm285, ibm290, ibm297, ibm420, ibm424, ibm437, ibm500, ibm775, ibm850, ibm852, ibm855, ibm857, ibm860, ibm861, ibm862, ibm863, ibm864, ibm865, ibm866, ibm868, ibm869, ibm870, ibm871, ibm918, iso-2022-cn, iso-2022-jp, iso-2022-jp-2, iso-2022-kr, iso-8859-1, iso-8859-13, iso-8859-15, iso-8859-16, iso-8859-2, iso-8859-3, iso-8859-4, iso-8859-5, iso-8859-6, iso-8859-7, iso-8859-8, iso-8859-9, jis_x0201, jis_x0212-1990, koi8-r, koi8-u, shift_jis, tis-620, us-ascii, utf-16, utf-16be, utf-16le, utf-32, utf-32be, utf-32le, utf-8, windows-1250, windows-1251, windows-1252, windows-1253, windows-1254, windows-1255, windows-1256, windows-1257, windows-1258, windows-31j, x-big5-hkscs-2001, x-big5-solaris, x-euc-jp-linux, x-euc-tw, x-eucjp-open, x-ibm1006, x-ibm1025, x-ibm1046, x-ibm1097, x-ibm1098, x-ibm1112, x-ibm1122, x-ibm1123, x-ibm1124, x-ibm1166, x-ibm1364, x-ibm1381, x-ibm1383, x-ibm300, x-ibm33722, x-ibm737, x-ibm833, x-ibm834, x-ibm856, x-ibm874, x-ibm875, x-ibm921, x-ibm922, x-ibm930, x-ibm933, x-ibm935, x-ibm937, x-ibm939, x-ibm942, x-ibm942c, x-ibm943, x-ibm943c, x-ibm948, x-ibm949, x-ibm949c, x-ibm950, x-ibm964, x-ibm970, x-iscii91, x-iso-2022-cn-cns, x-iso-2022-cn-gb, x-iso-8859-11, x-jis0208, x-jisautodetect, x-johab, x-macarabic, x-maccentraleurope, x-maccroatian, x-maccyrillic, x-macdingbat, x-macgreek, x-machebrew, x-maciceland, x-macroman, x-macromania, x-macsymbol, x-macthai, x-macturkish, x-macukraine, x-ms932_0213, x-ms950-hkscs, x-ms950-hkscs-xp, x-mswin-936, x-pck, x-sjis_0213, x-utf-16le-bom, x-utf-32be-bom, x-utf-32le-bom, x-windows-50220, x-windows-50221, x-windows-874, x-windows-949, x-windows-950, x-windows-iso2022jp, Connection:keep-alive, Host:localhost:8080, User-agent:Java/10.0.2, Content-type:application/json, Content-length:19]
	matchers: MatchingRules(rules=[:])
	generators: Generators(categories={})
	body: OptionalBody(state=PRESENT, value={"name": "Michael"})
09:51:17.149 [HTTP-Dispatcher] DEBUG au.com.dius.pact.model.RequestMatching$ - comparing to expected request: 
	method: GET
	path: /pact
	query: [:]
	headers: [:]
	matchers: MatchingRules(rules=[path:Category(name=path, matchingRules={})])
	generators: Generators(categories={})
	body: OptionalBody(state=MISSING, value=null)
09:51:17.187 [HTTP-Dispatcher] DEBUG au.com.dius.pact.model.RequestMatching$ - Request mismatch: List(MethodMismatch(GET,POST), PathMismatch(/pact,/create,None))
09:51:17.247 [HTTP-Dispatcher] DEBUG au.com.dius.pact.consumer.BaseMockServer - Generating response: 	status: 500
	headers: [Access-Control-Allow-Origin:*, Content-Type:application/json, X-Pact-Unexpected-Request:1]
	matchers: MatchingRules(rules=[:])
	generators: Generators(categories={})
	body: OptionalBody(state=PRESENT, value={ "error": "Unexpected request : \tmethod: POST\n\tpath: \/create\n\tquery: [:]\n\theaders: [Accept:text\/plain, application\/json, application\/*+json, *\/*, Accept-charset:big5, big5-hkscs, cesu-8, euc-jp, euc-kr, gb18030, gb2312, gbk, ibm-thai, ibm00858, ibm01140, ibm01141, ibm01142, ibm01143, ibm01144, ibm01145, ibm01146, ibm01147, ibm01148, ibm01149, ibm037, ibm1026, ibm1047, ibm273, ibm277, ibm278, ibm280, ibm284, ibm285, ibm290, ibm297, ibm420, ibm424, ibm437, ibm500, ibm775, ibm850, ibm852, ibm855, ibm857, ibm860, ibm861, ibm862, ibm863, ibm864, ibm865, ibm866, ibm868, ibm869, ibm870, ibm871, ibm918, iso-2022-cn, iso-2022-jp, iso-2022-jp-2, iso-2022-kr, iso-8859-1, iso-8859-13, iso-8859-15, iso-8859-16, iso-8859-2, iso-8859-3, iso-8859-4, iso-8859-5, iso-8859-6, iso-8859-7, iso-8859-8, iso-8859-9, jis_x0201, jis_x0212-1990, koi8-r, koi8-u, shift_jis, tis-620, us-ascii, utf-16, utf-16be, utf-16le, utf-32, utf-32be, utf-32le, utf-8, windows-1250, windows-1251, windows-1252, windows-1253, windows-1254, windows-1255, windows-1256, windows-1257, windows-1258, windows-31j, x-big5-hkscs-2001, x-big5-solaris, x-euc-jp-linux, x-euc-tw, x-eucjp-open, x-ibm1006, x-ibm1025, x-ibm1046, x-ibm1097, x-ibm1098, x-ibm1112, x-ibm1122, x-ibm1123, x-ibm1124, x-ibm1166, x-ibm1364, x-ibm1381, x-ibm1383, x-ibm300, x-ibm33722, x-ibm737, x-ibm833, x-ibm834, x-ibm856, x-ibm874, x-ibm875, x-ibm921, x-ibm922, x-ibm930, x-ibm933, x-ibm935, x-ibm937, x-ibm939, x-ibm942, x-ibm942c, x-ibm943, x-ibm943c, x-ibm948, x-ibm949, x-ibm949c, x-ibm950, x-ibm964, x-ibm970, x-iscii91, x-iso-2022-cn-cns, x-iso-2022-cn-gb, x-iso-8859-11, x-jis0208, x-jisautodetect, x-johab, x-macarabic, x-maccentraleurope, x-maccroatian, x-maccyrillic, x-macdingbat, x-macgreek, x-machebrew, x-maciceland, x-macroman, x-macromania, x-macsymbol, x-macthai, x-macturkish, x-macukraine, x-ms932_0213, x-ms950-hkscs, x-ms950-hkscs-xp, x-mswin-936, x-pck, x-sjis_0213, x-utf-16le-bom, x-utf-32be-bom, x-utf-32le-bom, x-windows-50220, x-windows-50221, x-windows-874, x-windows-949, x-windows-950, x-windows-iso2022jp, Connection:keep-alive, Host:localhost:8080, User-agent:Java\/10.0.2, Content-type:application\/json, Content-length:19]\n\tmatchers: MatchingRules(rules=[:])\n\tgenerators: Generators(categories={})\n\tbody: OptionalBody(state=PRESENT, value={\"name\": \"Michael\"})" })
09:51:17.251 [main] DEBUG org.springframework.web.client.RestTemplate - POST request for "http://localhost:8080/create" resulted in 500 (Internal Server Error); invoking error handler
]]></system-out>
  </testcase>
</testsuite>